#
# A fatal error has been detected by the Java Runtime Environment:
#
#  EXCEPTION_ACCESS_VIOLATION (0xc0000005) at pc=0x0000000057f46f81, pid=5976, tid=11356
#
# JRE version: Java(TM) SE Runtime Environment (8.0_60-b27) (build 1.8.0_60-b27)
# Java VM: Java HotSpot(TM) 64-Bit Server VM (25.60-b23 mixed mode windows-amd64 compressed oops)
# Problematic frame:
# V  [jvm.dll+0x456f81]
#
# Failed to write core dump. Minidumps are not enabled by default on client versions of Windows
#
# If you would like to submit a bug report, please visit:
#   http://bugreport.java.com/bugreport/crash.jsp
#

---------------  T H R E A D  ---------------

Current thread (0x0000000014961000):  JavaThread "C2 CompilerThread0" daemon [_thread_in_native, id=11356, stack(0x0000000015fb0000,0x00000000160b0000)]

siginfo: ExceptionCode=0xc0000005, reading address 0x000001001b162604

Registers:
RAX=0x000000000000000d, RBX=0x000000001ae5c2c0, RCX=0x0000000000000003, RDX=0x0000000000000001
RSP=0x00000000160abb60, RBP=0x00000000000000e0, RSI=0x000001001b1625f0, RDI=0x000000001b162570
R8 =0x0000000000000000, R9 =0x0000000000000000, R10=0x0000000000000001, R11=0x00000000195d9d90
R12=0x0000000019847e28, R13=0x0000000000000001, R14=0x0000000000028310, R15=0x00000000160abca0
RIP=0x0000000057f46f81, EFLAGS=0x0000000000010206

Top of Stack: (sp=0x00000000160abb60)
0x00000000160abb60:   00000000160abbd0 0000000057ff4870
0x00000000160abb70:   0000000000000010 000000001b679fd0
0x00000000160abb80:   0000000000000001 0000000000000003
0x00000000160abb90:   0000000000000000 00000000160abc80
0x00000000160abba0:   00000000160abc80 0000000057f59bc3
0x00000000160abbb0:   0000000019847d00 00000000160abc20
0x00000000160abbc0:   0000000000000001 0000000000000082
0x00000000160abbd0:   00000000149269e0 0000000000000020
0x00000000160abbe0:   00000000195d9c90 0000000000000013
0x00000000160abbf0:   000000005815d228 00000000149269e0
0x00000000160abc00:   0000000000000100 00000000195d9890
0x00000000160abc10:   0000000000000000 0000000057fd9360
0x00000000160abc20:   0000000000000000 0000000000028310
0x00000000160abc30:   000000001b51af78 0000000000014740
0x00000000160abc40:   0000000000014740 00000000160ae900
0x00000000160abc50:   00000000160abcc9 0000000057f5d945 

Instructions: (pc=0x0000000057f46f81)
0x0000000057f46f61:   83 ec 40 48 8b f1 48 8b f9 33 ed 48 8b 46 30 45
0x0000000057f46f71:   33 d2 33 c9 44 8b 40 4c 44 2b 46 14 44 03 46 10
0x0000000057f46f81:   8b 56 14 44 8b 4e 18 48 8b 5e 30 48 3b f7 0f 94
0x0000000057f46f91:   c0 44 2b ca 2b 56 10 88 44 24 30 89 4c 24 28 8b 


Register to memory mapping:

RAX=0x000000000000000d is an unknown value
RBX=0x000000001ae5c2c0 is an unknown value
RCX=0x0000000000000003 is an unknown value
RDX=0x0000000000000001 is an unknown value
RSP=0x00000000160abb60 is pointing into the stack for thread: 0x0000000014961000
RBP=0x00000000000000e0 is an unknown value
RSI=0x000001001b1625f0 is an unknown value
RDI=0x000000001b162570 is an unknown value
R8 =0x0000000000000000 is an unknown value
R9 =0x0000000000000000 is an unknown value
R10=0x0000000000000001 is an unknown value
R11=0x00000000195d9d90 is an unknown value
R12=0x0000000019847e28 is an unknown value
R13=0x0000000000000001 is an unknown value
R14=0x0000000000028310 is an unknown value
R15=0x00000000160abca0 is pointing into the stack for thread: 0x0000000014961000


Stack: [0x0000000015fb0000,0x00000000160b0000],  sp=0x00000000160abb60,  free space=1006k
Native frames: (J=compiled Java code, j=interpreted, Vv=VM code, C=native code)
V  [jvm.dll+0x456f81]
V  [jvm.dll+0x469bc3]
V  [jvm.dll+0x46d945]
V  [jvm.dll+0x46eddf]
V  [jvm.dll+0x46fa9e]
V  [jvm.dll+0x452cb2]
V  [jvm.dll+0xa4662]
V  [jvm.dll+0xa4f9f]
V  [jvm.dll+0x243134]
V  [jvm.dll+0x299f6a]
C  [msvcr100.dll+0x21d9f]
C  [msvcr100.dll+0x21e3b]
C  [KERNEL32.DLL+0x1611]
C  [ntdll.dll+0x764ad]


Current CompileTask:
C2:24614637 13877       4       com.sun.org.apache.xerces.internal.impl.XMLDocumentFragmentScannerImpl::scanStartElement (440 bytes)


---------------  P R O C E S S  ---------------

Java Threads: ( => current thread )
  0x0000000016412000 JavaThread "Stdin handler" [_thread_blocked, id=8384, stack(0x0000000018ed0000,0x0000000018fd0000)]
  0x000000001640e800 JavaThread "Daemon worker Thread 24" [_thread_in_native, id=3148, stack(0x0000000018dd0000,0x0000000018ed0000)]
  0x0000000016411800 JavaThread "Cancel handler" [_thread_blocked, id=13244, stack(0x0000000018cd0000,0x0000000018dd0000)]
  0x0000000016410800 JavaThread "Handler for socket connection from /127.0.0.1:61864 to /127.0.0.1:61975" [_thread_in_native, id=11564, stack(0x0000000018bd0000,0x0000000018cd0000)]
  0x000000001640d800 JavaThread "Daemon Thread 24" [_thread_blocked, id=12540, stack(0x0000000018ad0000,0x0000000018bd0000)]
  0x000000001d4a5800 JavaThread "File lock request listener" [_thread_in_native, id=12056, stack(0x000000001ce50000,0x000000001cf50000)]
  0x0000000017755000 JavaThread "Incoming local TCP Connector on port 61864" [_thread_in_native, id=9872, stack(0x0000000018780000,0x0000000018880000)]
  0x00000000149be800 JavaThread "Service Thread" daemon [_thread_blocked, id=7000, stack(0x00000000166b0000,0x00000000167b0000)]
  0x000000001496c000 JavaThread "C1 CompilerThread2" daemon [_thread_blocked, id=5360, stack(0x00000000161b0000,0x00000000162b0000)]
  0x0000000014966800 JavaThread "C2 CompilerThread1" daemon [_thread_blocked, id=712, stack(0x00000000160b0000,0x00000000161b0000)]
=>0x0000000014961000 JavaThread "C2 CompilerThread0" daemon [_thread_in_native, id=11356, stack(0x0000000015fb0000,0x00000000160b0000)]
  0x000000001495e800 JavaThread "Attach Listener" daemon [_thread_blocked, id=3092, stack(0x0000000015eb0000,0x0000000015fb0000)]
  0x000000001495d800 JavaThread "Signal Dispatcher" daemon [_thread_blocked, id=7260, stack(0x0000000015db0000,0x0000000015eb0000)]
  0x0000000002257800 JavaThread "Finalizer" daemon [_thread_blocked, id=5104, stack(0x0000000015bc0000,0x0000000015cc0000)]
  0x000000000224f000 JavaThread "Reference Handler" daemon [_thread_blocked, id=3224, stack(0x0000000015ac0000,0x0000000015bc0000)]
  0x0000000002162800 JavaThread "main" [_thread_blocked, id=6860, stack(0x0000000002060000,0x0000000002160000)]

Other Threads:
  0x0000000014927800 VMThread [stack: 0x00000000159c0000,0x0000000015ac0000] [id=6204]
  0x00000000162fc800 WatcherThread [stack: 0x00000000167b0000,0x00000000168b0000] [id=1724]

VM state:not at safepoint (normal execution)

VM Mutex/Monitor currently owned by a thread: None

Heap:
 PSYoungGen      total 280064K, used 71235K [0x00000000eab00000, 0x00000000fe380000, 0x0000000100000000)
  eden space 239616K, 19% used [0x00000000eab00000,0x00000000ed998cc8,0x00000000f9500000)
  from space 40448K, 58% used [0x00000000f9500000,0x00000000fabf8258,0x00000000fbc80000)
  to   space 39424K, 0% used [0x00000000fbd00000,0x00000000fbd00000,0x00000000fe380000)
 ParOldGen       total 225792K, used 54917K [0x00000000c0000000, 0x00000000cdc80000, 0x00000000eab00000)
  object space 225792K, 24% used [0x00000000c0000000,0x00000000c35a1768,0x00000000cdc80000)
 Metaspace       used 70402K, capacity 73319K, committed 105472K, reserved 1134592K
  class space    used 9110K, capacity 10193K, committed 19712K, reserved 1048576K

Card table byte_map: [0x0000000011630000,0x0000000011840000] byte_map_base: 0x0000000011030000

Marking Bits: (ParMarkBitMap*) 0x00000000582fa5b0
 Begin Bits: [0x0000000011da0000, 0x0000000012da0000)
 End Bits:   [0x0000000012da0000, 0x0000000013da0000)

Polling page: 0x0000000002030000

CodeCache: size=245760Kb used=42139Kb max_used=42159Kb free=203620Kb
 bounds [0x0000000002270000, 0x0000000004bf0000, 0x0000000011270000]
 total_blobs=11177 nmethods=10440 adapters=646
 compilation: enabled

Compilation events (10 events):
Event: 24605.308 Thread 0x000000001496c000 nmethod 13876 0x0000000004bb4490 code [0x0000000004bb4e80, 0x0000000004bbbdb8]
Event: 24605.458 Thread 0x0000000014961000 13877       4       com.sun.org.apache.xerces.internal.impl.XMLDocumentFragmentScannerImpl::scanStartElement (440 bytes)
Event: 24605.489 Thread 0x0000000014966800 nmethod 13873 0x0000000004bc6390 code [0x0000000004bc6740, 0x0000000004bcb348]
Event: 24605.494 Thread 0x0000000014966800 13878       4       com.sun.org.apache.xerces.internal.impl.XMLScanner::scanExternalID (350 bytes)
Event: 24605.499 Thread 0x000000001496c000 13881       3       org.gradle.internal.xml.XmlValidation::isRestrictedCharacter (54 bytes)
Event: 24605.500 Thread 0x000000001496c000 nmethod 13881 0x0000000004baf510 code [0x0000000004baf680, 0x0000000004baf990]
Event: 24605.501 Thread 0x000000001496c000 13882       3       org.gradle.internal.xml.SimpleMarkupWriter::writeXmlEncoded (97 bytes)
Event: 24605.502 Thread 0x000000001496c000 nmethod 13882 0x0000000004bb0e90 code [0x0000000004bb1140, 0x0000000004bb23d8]
Event: 24605.506 Thread 0x000000001496c000 13883       3       org.apache.http.util.ByteArrayBuffer::append (129 bytes)
Event: 24605.507 Thread 0x000000001496c000 nmethod 13883 0x0000000004bc4750 code [0x0000000004bc49e0, 0x0000000004bc5bf8]

GC Heap History (10 events):
Event: 24028.802 GC heap before
{Heap before GC invocations=77 (full 23):
 PSYoungGen      total 279040K, used 21155K [0x00000000eab00000, 0x00000000fe600000, 0x0000000100000000)
  eden space 237568K, 0% used [0x00000000eab00000,0x00000000eab00000,0x00000000f9300000)
  from space 41472K, 51% used [0x00000000fbd80000,0x00000000fd228c60,0x00000000fe600000)
  to   space 42496K, 0% used [0x00000000f9300000,0x00000000f9300000,0x00000000fbc80000)
 ParOldGen       total 225792K, used 74702K [0x00000000c0000000, 0x00000000cdc80000, 0x00000000eab00000)
  object space 225792K, 33% used [0x00000000c0000000,0x00000000c48f3b00,0x00000000cdc80000)
 Metaspace       used 75956K, capacity 79373K, committed 107520K, reserved 1136640K
  class space    used 9954K, capacity 11191K, committed 19712K, reserved 1048576K
Event: 24028.997 GC heap after
Heap after GC invocations=77 (full 23):
 PSYoungGen      total 279040K, used 0K [0x00000000eab00000, 0x00000000fe600000, 0x0000000100000000)
  eden space 237568K, 0% used [0x00000000eab00000,0x00000000eab00000,0x00000000f9300000)
  from space 41472K, 0% used [0x00000000fbd80000,0x00000000fbd80000,0x00000000fe600000)
  to   space 42496K, 0% used [0x00000000f9300000,0x00000000f9300000,0x00000000fbc80000)
 ParOldGen       total 225792K, used 49399K [0x00000000c0000000, 0x00000000cdc80000, 0x00000000eab00000)
  object space 225792K, 21% used [0x00000000c0000000,0x00000000c303dfe8,0x00000000cdc80000)
 Metaspace       used 57603K, capacity 58281K, committed 105472K, reserved 1134592K
  class space    used 7129K, capacity 7360K, committed 19712K, reserved 1048576K
}
Event: 24379.819 GC heap before
{Heap before GC invocations=78 (full 23):
 PSYoungGen      total 279040K, used 237568K [0x00000000eab00000, 0x00000000fe600000, 0x0000000100000000)
  eden space 237568K, 100% used [0x00000000eab00000,0x00000000f9300000,0x00000000f9300000)
  from space 41472K, 0% used [0x00000000fbd80000,0x00000000fbd80000,0x00000000fe600000)
  to   space 42496K, 0% used [0x00000000f9300000,0x00000000f9300000,0x00000000fbc80000)
 ParOldGen       total 225792K, used 49399K [0x00000000c0000000, 0x00000000cdc80000, 0x00000000eab00000)
  object space 225792K, 21% used [0x00000000c0000000,0x00000000c303dfe8,0x00000000cdc80000)
 Metaspace       used 63249K, capacity 65071K, committed 105472K, reserved 1134592K
  class space    used 8057K, capacity 8739K, committed 19712K, reserved 1048576K
Event: 24379.850 GC heap after
Heap after GC invocations=78 (full 23):
 PSYoungGen      total 280064K, used 27677K [0x00000000eab00000, 0x00000000fe600000, 0x0000000100000000)
  eden space 237568K, 0% used [0x00000000eab00000,0x00000000eab00000,0x00000000f9300000)
  from space 42496K, 65% used [0x00000000f9300000,0x00000000fae076b8,0x00000000fbc80000)
  to   space 41472K, 0% used [0x00000000fbd80000,0x00000000fbd80000,0x00000000fe600000)
 ParOldGen       total 225792K, used 49407K [0x00000000c0000000, 0x00000000cdc80000, 0x00000000eab00000)
  object space 225792K, 21% used [0x00000000c0000000,0x00000000c303ffe8,0x00000000cdc80000)
 Metaspace       used 63249K, capacity 65071K, committed 105472K, reserved 1134592K
  class space    used 8057K, capacity 8739K, committed 19712K, reserved 1048576K
}
Event: 24380.049 GC heap before
{Heap before GC invocations=79 (full 23):
 PSYoungGen      total 280064K, used 52462K [0x00000000eab00000, 0x00000000fe600000, 0x0000000100000000)
  eden space 237568K, 10% used [0x00000000eab00000,0x00000000ec334148,0x00000000f9300000)
  from space 42496K, 65% used [0x00000000f9300000,0x00000000fae076b8,0x00000000fbc80000)
  to   space 41472K, 0% used [0x00000000fbd80000,0x00000000fbd80000,0x00000000fe600000)
 ParOldGen       total 225792K, used 49407K [0x00000000c0000000, 0x00000000cdc80000, 0x00000000eab00000)
  object space 225792K, 21% used [0x00000000c0000000,0x00000000c303ffe8,0x00000000cdc80000)
 Metaspace       used 64138K, capacity 66055K, committed 105472K, reserved 1134592K
  class space    used 8209K, capacity 8919K, committed 19712K, reserved 1048576K
Event: 24380.071 GC heap after
Heap after GC invocations=79 (full 23):
 PSYoungGen      total 279040K, used 24593K [0x00000000eab00000, 0x00000000fe400000, 0x0000000100000000)
  eden space 239616K, 0% used [0x00000000eab00000,0x00000000eab00000,0x00000000f9500000)
  from space 39424K, 62% used [0x00000000fbd80000,0x00000000fd584660,0x00000000fe400000)
  to   space 40448K, 0% used [0x00000000f9500000,0x00000000f9500000,0x00000000fbc80000)
 ParOldGen       total 225792K, used 49407K [0x00000000c0000000, 0x00000000cdc80000, 0x00000000eab00000)
  object space 225792K, 21% used [0x00000000c0000000,0x00000000c303ffe8,0x00000000cdc80000)
 Metaspace       used 64138K, capacity 66055K, committed 105472K, reserved 1134592K
  class space    used 8209K, capacity 8919K, committed 19712K, reserved 1048576K
}
Event: 24380.071 GC heap before
{Heap before GC invocations=80 (full 24):
 PSYoungGen      total 279040K, used 24593K [0x00000000eab00000, 0x00000000fe400000, 0x0000000100000000)
  eden space 239616K, 0% used [0x00000000eab00000,0x00000000eab00000,0x00000000f9500000)
  from space 39424K, 62% used [0x00000000fbd80000,0x00000000fd584660,0x00000000fe400000)
  to   space 40448K, 0% used [0x00000000f9500000,0x00000000f9500000,0x00000000fbc80000)
 ParOldGen       total 225792K, used 49407K [0x00000000c0000000, 0x00000000cdc80000, 0x00000000eab00000)
  object space 225792K, 21% used [0x00000000c0000000,0x00000000c303ffe8,0x00000000cdc80000)
 Metaspace       used 64138K, capacity 66055K, committed 105472K, reserved 1134592K
  class space    used 8209K, capacity 8919K, committed 19712K, reserved 1048576K
Event: 24380.271 GC heap after
Heap after GC invocations=80 (full 24):
 PSYoungGen      total 279040K, used 0K [0x00000000eab00000, 0x00000000fe400000, 0x0000000100000000)
  eden space 239616K, 0% used [0x00000000eab00000,0x00000000eab00000,0x00000000f9500000)
  from space 39424K, 0% used [0x00000000fbd80000,0x00000000fbd80000,0x00000000fe400000)
  to   space 40448K, 0% used [0x00000000f9500000,0x00000000f9500000,0x00000000fbc80000)
 ParOldGen       total 225792K, used 54917K [0x00000000c0000000, 0x00000000cdc80000, 0x00000000eab00000)
  object space 225792K, 24% used [0x00000000c0000000,0x00000000c35a1768,0x00000000cdc80000)
 Metaspace       used 64040K, capacity 65927K, committed 105472K, reserved 1134592K
  class space    used 8170K, capacity 8875K, committed 19712K, reserved 1048576K
}
Event: 24593.711 GC heap before
{Heap before GC invocations=81 (full 24):
 PSYoungGen      total 279040K, used 239616K [0x00000000eab00000, 0x00000000fe400000, 0x0000000100000000)
  eden space 239616K, 100% used [0x00000000eab00000,0x00000000f9500000,0x00000000f9500000)
  from space 39424K, 0% used [0x00000000fbd80000,0x00000000fbd80000,0x00000000fe400000)
  to   space 40448K, 0% used [0x00000000f9500000,0x00000000f9500000,0x00000000fbc80000)
 ParOldGen       total 225792K, used 54917K [0x00000000c0000000, 0x00000000cdc80000, 0x00000000eab00000)
  object space 225792K, 24% used [0x00000000c0000000,0x00000000c35a1768,0x00000000cdc80000)
 Metaspace       used 70093K, capacity 72827K, committed 105472K, reserved 1134592K
  class space    used 9079K, capacity 10113K, committed 19712K, reserved 1048576K
Event: 24593.734 GC heap after
Heap after GC invocations=81 (full 24):
 PSYoungGen      total 280064K, used 23520K [0x00000000eab00000, 0x00000000fe380000, 0x0000000100000000)
  eden space 239616K, 0% used [0x00000000eab00000,0x00000000eab00000,0x00000000f9500000)
  from space 40448K, 58% used [0x00000000f9500000,0x00000000fabf8258,0x00000000fbc80000)
  to   space 39424K, 0% used [0x00000000fbd00000,0x00000000fbd00000,0x00000000fe380000)
 ParOldGen       total 225792K, used 54917K [0x00000000c0000000, 0x00000000cdc80000, 0x00000000eab00000)
  object space 225792K, 24% used [0x00000000c0000000,0x00000000c35a1768,0x00000000cdc80000)
 Metaspace       used 70093K, capacity 72827K, committed 105472K, reserved 1134592K
  class space    used 9079K, capacity 10113K, committed 19712K, reserved 1048576K
}

Deoptimization events (10 events):
Event: 24601.700 Thread 0x000000001640e800 Uncommon trap: reason=unstable_if action=reinterpret pc=0x00000000043854e0 method=com.sun.org.apache.xerces.internal.dom.DeferredDocumentImpl.getPrevSibling(IZ)I @ 86
Event: 24602.542 Thread 0x000000001640e800 Uncommon trap: reason=unstable_if action=reinterpret pc=0x0000000004b21248 method=com.sun.org.apache.xerces.internal.impl.XMLEntityScanner.scanContent(Lcom/sun/org/apache/xerces/internal/xni/XMLString;)I @ 608
Event: 24602.543 Thread 0x000000001640e800 Uncommon trap: reason=unstable_if action=reinterpret pc=0x0000000004b6fc3c method=com.sun.org.apache.xerces.internal.impl.XMLEntityScanner.scanData(Ljava/lang/String;Lcom/sun/org/apache/xerces/internal/util/XMLStringBuffer;)Z @ 326
Event: 24602.840 Thread 0x000000001640e800 Uncommon trap: reason=unstable_if action=reinterpret pc=0x0000000004b31a78 method=com.sun.org.apache.xerces.internal.impl.XMLEntityScanner.scanData(Ljava/lang/String;Lcom/sun/org/apache/xerces/internal/util/XMLStringBuffer;)Z @ 888
Event: 24605.284 Thread 0x000000001640e800 Uncommon trap: reason=unstable_if action=reinterpret pc=0x000000000491894c method=com.sun.org.apache.xerces.internal.impl.XMLEntityScanner.arrangeCapacity(IZ)Z @ 59
Event: 24605.297 Thread 0x000000001640e800 Uncommon trap: reason=unstable_if action=reinterpret pc=0x0000000004b5df54 method=com.sun.org.apache.xerces.internal.impl.XMLDocumentFragmentScannerImpl$FragmentContentDriver.next()I @ 815
Event: 24605.297 Thread 0x000000001640e800 Uncommon trap: reason=unstable_if action=reinterpret pc=0x00000000032ae730 method=com.sun.org.apache.xerces.internal.util.XMLChar.isNameStart(I)Z @ 13
Event: 24605.499 Thread 0x000000001640e800 Uncommon trap: reason=unstable_if action=reinterpret pc=0x0000000004b3fc50 method=org.gradle.internal.xml.XmlValidation.isLegalCharacter(C)Z @ 9
Event: 24605.499 Thread 0x000000001640e800 Uncommon trap: reason=unstable_if action=reinterpret pc=0x00000000027053b8 method=org.gradle.internal.xml.XmlValidation.isRestrictedCharacter(C)Z @ 9
Event: 24605.499 Thread 0x000000001640e800 Uncommon trap: reason=unstable_if action=reinterpret pc=0x00000000049f19f8 method=org.gradle.internal.xml.XmlValidation.isLegalCharacter(C)Z @ 9

Internal exceptions (10 events):
Event: 24602.255 Thread 0x000000001640e800 Exception <a 'java/net/SocketTimeoutException': Read timed out> (0x00000000ece730b8) thrown at [C:\re\workspace\8-2-build-windows-amd64-cygwin\jdk8u60\4407\hotspot\src\share\vm\prims\jni.cpp, line 735]
Event: 24602.545 Thread 0x000000001640e800 Exception <a 'java/net/SocketTimeoutException': Read timed out> (0x00000000ecee3528) thrown at [C:\re\workspace\8-2-build-windows-amd64-cygwin\jdk8u60\4407\hotspot\src\share\vm\prims\jni.cpp, line 735]
Event: 24602.849 Thread 0x000000001640e800 Exception <a 'java/net/SocketTimeoutException': Read timed out> (0x00000000ecf71ca8) thrown at [C:\re\workspace\8-2-build-windows-amd64-cygwin\jdk8u60\4407\hotspot\src\share\vm\prims\jni.cpp, line 735]
Event: 24603.201 Thread 0x000000001640e800 Exception <a 'java/net/SocketTimeoutException': Read timed out> (0x00000000ed1f2fa0) thrown at [C:\re\workspace\8-2-build-windows-amd64-cygwin\jdk8u60\4407\hotspot\src\share\vm\prims\jni.cpp, line 735]
Event: 24603.499 Thread 0x000000001640e800 Exception <a 'java/net/SocketTimeoutException': Read timed out> (0x00000000ed380800) thrown at [C:\re\workspace\8-2-build-windows-amd64-cygwin\jdk8u60\4407\hotspot\src\share\vm\prims\jni.cpp, line 735]
Event: 24603.780 Thread 0x000000001640e800 Exception <a 'java/net/SocketTimeoutException': Read timed out> (0x00000000ed4343b0) thrown at [C:\re\workspace\8-2-build-windows-amd64-cygwin\jdk8u60\4407\hotspot\src\share\vm\prims\jni.cpp, line 735]
Event: 24604.063 Thread 0x000000001640e800 Exception <a 'java/net/SocketTimeoutException': Read timed out> (0x00000000ed4e6b08) thrown at [C:\re\workspace\8-2-build-windows-amd64-cygwin\jdk8u60\4407\hotspot\src\share\vm\prims\jni.cpp, line 735]
Event: 24604.390 Thread 0x000000001640e800 Exception <a 'java/net/SocketTimeoutException': Read timed out> (0x00000000ed5bf0f0) thrown at [C:\re\workspace\8-2-build-windows-amd64-cygwin\jdk8u60\4407\hotspot\src\share\vm\prims\jni.cpp, line 735]
Event: 24604.697 Thread 0x000000001640e800 Exception <a 'java/net/SocketTimeoutException': Read timed out> (0x00000000ed66bf10) thrown at [C:\re\workspace\8-2-build-windows-amd64-cygwin\jdk8u60\4407\hotspot\src\share\vm\prims\jni.cpp, line 735]
Event: 24605.506 Thread 0x000000001640e800 Exception <a 'java/net/SocketTimeoutException': Read timed out> (0x00000000ed8c9058) thrown at [C:\re\workspace\8-2-build-windows-amd64-cygwin\jdk8u60\4407\hotspot\src\share\vm\prims\jni.cpp, line 735]

Events (10 events):
Event: 24605.471 loading class org/gradle/api/internal/artifacts/ivyservice/ivyresolve/parser/data/PomProfile done
Event: 24605.499 Thread 0x000000001640e800 Uncommon trap: trap_request=0xffffff65 fr.pc=0x0000000004b3fc50
Event: 24605.499 Thread 0x000000001640e800 DEOPT PACKING pc=0x0000000004b3fc50 sp=0x0000000018ecc370
Event: 24605.499 Thread 0x000000001640e800 DEOPT UNPACKING pc=0x00000000022b582a sp=0x0000000018ecc2d8 mode 2
Event: 24605.499 Thread 0x000000001640e800 Uncommon trap: trap_request=0xffffff65 fr.pc=0x00000000027053b8
Event: 24605.499 Thread 0x000000001640e800 DEOPT PACKING pc=0x00000000027053b8 sp=0x0000000018ecc330
Event: 24605.499 Thread 0x000000001640e800 DEOPT UNPACKING pc=0x00000000022b582a sp=0x0000000018ecc2d0 mode 2
Event: 24605.499 Thread 0x000000001640e800 Uncommon trap: trap_request=0xffffff65 fr.pc=0x00000000049f19f8
Event: 24605.499 Thread 0x000000001640e800 DEOPT PACKING pc=0x00000000049f19f8 sp=0x0000000018ecc340
Event: 24605.499 Thread 0x000000001640e800 DEOPT UNPACKING pc=0x00000000022b582a sp=0x0000000018ecc2e0 mode 2


Dynamic libraries:
0x00007ff793780000 - 0x00007ff7937b7000 	C:\Program Files\Java\jdk1.8.0_60\bin\java.exe
0x00007ffa08a30000 - 0x00007ffa08bd9000 	C:\Windows\SYSTEM32\ntdll.dll
0x00007ffa06460000 - 0x00007ffa0659a000 	C:\Windows\system32\KERNEL32.DLL
0x00007ffa05f80000 - 0x00007ffa0608f000 	C:\Windows\system32\KERNELBASE.dll
0x00007ffa08790000 - 0x00007ffa08835000 	C:\Windows\system32\ADVAPI32.dll
0x00007ffa08840000 - 0x00007ffa089b1000 	C:\Windows\system32\USER32.dll
0x00007ffa02590000 - 0x00007ffa027ea000 	C:\Windows\WinSxS\amd64_microsoft.windows.common-controls_6595b64144ccf1df_6.0.9600.16384_none_62475f7becb72503\COMCTL32.dll
0x00007ffa065a0000 - 0x00007ffa06647000 	C:\Windows\system32\msvcrt.dll
0x00007ffa08140000 - 0x00007ffa08197000 	C:\Windows\SYSTEM32\sechost.dll
0x00007ffa08240000 - 0x00007ffa08376000 	C:\Windows\system32\RPCRT4.dll
0x00007ffa08640000 - 0x00007ffa08785000 	C:\Windows\system32\GDI32.dll
0x00007ffa06730000 - 0x00007ffa06764000 	C:\Windows\system32\IMM32.DLL
0x00007ffa062c0000 - 0x00007ffa063f9000 	C:\Windows\system32\MSCTF.dll
0x0000000058380000 - 0x0000000058452000 	C:\Program Files\Java\jdk1.8.0_60\jre\bin\msvcr100.dll
0x0000000057af0000 - 0x0000000058379000 	C:\Program Files\Java\jdk1.8.0_60\jre\bin\server\jvm.dll
0x00007ffa02f20000 - 0x00007ffa02f29000 	C:\Windows\SYSTEM32\WSOCK32.dll
0x00007ffa03c30000 - 0x00007ffa03c4f000 	C:\Windows\SYSTEM32\WINMM.dll
0x00007ff9fe210000 - 0x00007ff9fe21a000 	C:\Windows\SYSTEM32\VERSION.dll
0x00007ffa08a20000 - 0x00007ffa08a27000 	C:\Windows\system32\PSAPI.DLL
0x00007ffa06400000 - 0x00007ffa06458000 	C:\Windows\system32\WS2_32.dll
0x00007ffa039d0000 - 0x00007ffa039fa000 	C:\Windows\SYSTEM32\WINMMBASE.dll
0x00007ffa08380000 - 0x00007ffa08389000 	C:\Windows\system32\NSI.dll
0x00007ffa05e80000 - 0x00007ffa05eca000 	C:\Windows\SYSTEM32\cfgmgr32.dll
0x00007ffa04c30000 - 0x00007ffa04c56000 	C:\Windows\SYSTEM32\DEVOBJ.dll
0x0000000057ae0000 - 0x0000000057aef000 	C:\Program Files\Java\jdk1.8.0_60\jre\bin\verify.dll
0x0000000057ab0000 - 0x0000000057ad9000 	C:\Program Files\Java\jdk1.8.0_60\jre\bin\java.dll
0x0000000057a90000 - 0x0000000057aa6000 	C:\Program Files\Java\jdk1.8.0_60\jre\bin\zip.dll
0x00007ffa06950000 - 0x00007ffa07d5e000 	C:\Windows\system32\SHELL32.dll
0x00007ffa07f60000 - 0x00007ffa08137000 	C:\Windows\SYSTEM32\combase.dll
0x00007ffa085d0000 - 0x00007ffa08621000 	C:\Windows\system32\SHLWAPI.dll
0x00007ffa04400000 - 0x00007ffa044a1000 	C:\Windows\SYSTEM32\SHCORE.dll
0x00007ffa05db0000 - 0x00007ffa05dc4000 	C:\Windows\SYSTEM32\profapi.dll
0x00007ffa05670000 - 0x00007ffa0568e000 	C:\Windows\SYSTEM32\CRYPTSP.dll
0x00007ffa052b0000 - 0x00007ffa052e5000 	C:\Windows\system32\rsaenh.dll
0x00007ffa058a0000 - 0x00007ffa058c6000 	C:\Windows\SYSTEM32\bcrypt.dll
0x00007ffa053c0000 - 0x00007ffa053df000 	C:\Windows\SYSTEM32\USERENV.dll
0x00007ffa05bc0000 - 0x00007ffa05c1e000 	C:\Windows\system32\bcryptprimitives.dll
0x00007ffa05c20000 - 0x00007ffa05c2a000 	C:\Windows\SYSTEM32\CRYPTBASE.dll
0x0000000057a70000 - 0x0000000057a8a000 	C:\Program Files\Java\jdk1.8.0_60\jre\bin\net.dll
0x00007ffa05610000 - 0x00007ffa05668000 	C:\Windows\system32\mswsock.dll
0x00007ffa00a70000 - 0x00007ffa00a99000 	C:\Windows\SYSTEM32\IPHLPAPI.DLL
0x00007ffa00a50000 - 0x00007ffa00a5a000 	C:\Windows\SYSTEM32\WINNSI.DLL
0x00007ffa007e0000 - 0x00007ffa007f4000 	C:\Windows\SYSTEM32\dhcpcsvc6.DLL
0x00007ffa007c0000 - 0x00007ffa007d9000 	C:\Windows\SYSTEM32\dhcpcsvc.DLL
0x0000000057a50000 - 0x0000000057a61000 	C:\Program Files\Java\jdk1.8.0_60\jre\bin\nio.dll
0x00007ff9fc2c0000 - 0x00007ff9fc2d2000 	C:\Users\sameervedpathak\AppData\Local\Temp\native-platform4005917906548719957dir\native-platform.dll
0x0000000057a10000 - 0x0000000057a34000 	C:\Program Files\Java\jdk1.8.0_60\jre\bin\sunec.dll
0x00007ffa05420000 - 0x00007ffa054c3000 	C:\Windows\SYSTEM32\DNSAPI.dll
0x00007ff9fdb30000 - 0x00007ff9fdb39000 	C:\Windows\System32\rasadhlp.dll
0x00007ffa002e0000 - 0x00007ffa00347000 	C:\Windows\System32\fwpuclnt.dll
0x00007ff9fe370000 - 0x00007ff9fe384000 	C:\Windows\system32\napinsp.dll
0x00007ff9fe350000 - 0x00007ff9fe369000 	C:\Windows\system32\pnrpnsp.dll
0x00007ffa01df0000 - 0x00007ffa01e09000 	C:\Windows\system32\NLAapi.dll
0x00007ff9fe340000 - 0x00007ff9fe34c000 	C:\Windows\System32\winrnr.dll
0x00007ff9fe320000 - 0x00007ff9fe333000 	C:\Windows\system32\wshbth.dll
0x00007ff9fe620000 - 0x00007ff9fe7a8000 	C:\Windows\SYSTEM32\dbghelp.dll

VM Arguments:
jvm_args: -XX:MaxPermSize=256m -XX:+HeapDumpOnOutOfMemoryError -Xmx1024m -Dfile.encoding=windows-1252 -Duser.country=IN -Duser.language=en -Duser.variant 
java_command: org.gradle.launcher.daemon.bootstrap.GradleDaemon 2.2.1 C:\Users\sameervedpathak\.gradle\daemon 10800000 d7aa53e6-c557-4109-8eba-4e05211f94c6 -XX:MaxPermSize=256m -XX:+HeapDumpOnOutOfMemoryError -Xmx1024m -Dfile.encoding=windows-1252 -Duser.country=IN -Duser.language=en -Duser.variant
java_class_path (initial): C:\Users\sameervedpathak\.gradle\wrapper\dists\gradle-2.2.1-all\2m8005s69iu8v0oiejfej094b\gradle-2.2.1\lib\gradle-launcher-2.2.1.jar
Launcher Type: SUN_STANDARD

Environment Variables:
JAVA_HOME=C:\Program Files\java\jdk1.8.0_60
CLASSPATH=C:\xampp\htdocs\reminderApp\mobile\platforms\android\\gradle\wrapper\gradle-wrapper.jar
PATH=C:\Users\sameervedpathak\AppData\Local\GitHub\PortableGit_cf76fc1621ac41ad4fe86c420ab5ff403f1808b9\cmd;C:\Users\sameervedpathak\AppData\Local\GitHub\PortableGit_cf76fc1621ac41ad4fe86c420ab5ff403f1808b9\usr\bin;C:\Users\sameervedpathak\AppData\Local\GitHub\PortableGit_cf76fc1621ac41ad4fe86c420ab5ff403f1808b9\usr\share\git-tfs;C:\Users\sameervedpathak\AppData\Local\Apps\2.0\8654X93Q.KBD\KNJLN0MA.RPT\gith..tion_317444273a93ac29_0003.0000_fce772470af3a014;C:\Users\sameervedpathak\AppData\Local\GitHub\lfs-amd64_1.1.0;C:\Windows\Microsoft.NET\Framework\v4.0.30319;C:\ProgramData\Oracle\Java\javapath;C:\Windows\system32;C:\Windows;C:\Windows\System32\Wbem;C:\Windows\System32\WindowsPowerShell\v1.0\;C:\Program Files\nodejs\;E:\android-sdk-windows\tools;E:\android-sdk-windows\platform-tools;C:\Program Files (x86)\Skype\Phone\;C:\Users\sameervedpathak\AppData\Roaming\npm;C:\Program Files (x86)\Java\jre1.8.0_60\bin;C:\Program Files\java\jdk1.8.0_60\bin
USERNAME=sameervedpathak
OS=Windows_NT
PROCESSOR_IDENTIFIER=Intel64 Family 6 Model 58 Stepping 9, GenuineIntel



---------------  S Y S T E M  ---------------

OS: Windows 8.1 , 64 bit Build 9600 (6.3.9600.16384)

CPU:total 4 (2 cores per cpu, 2 threads per core) family 6 model 58 stepping 9, cmov, cx8, fxsr, mmx, sse, sse2, sse3, ssse3, sse4.1, sse4.2, popcnt, avx, aes, clmul, erms, ht, tsc, tscinvbit, tscinv

Memory: 4k page, physical 8240912k(2479752k free), swap 9551632k(2511148k free)

vm_info: Java HotSpot(TM) 64-Bit Server VM (25.60-b23) for windows-amd64 JRE (1.8.0_60-b27), built on Aug  4 2015 11:06:27 by "java_re" with MS VC++ 10.0 (VS2010)

time: Tue Mar 15 18:33:43 2016
elapsed time: 24605 seconds (0d 6h 50m 5s)

